

============================== 2023-01-17 12:32:23.202075 | e12b838d-0894-4381-a80e-537705e791fc ==============================
[0m12:32:23.202089 [info ] [MainThread]: Running with dbt=1.3.2
[0m12:32:23.202637 [debug] [MainThread]: running dbt with arguments {'write_json': True, 'use_colors': True, 'printer_width': 80, 'version_check': True, 'partial_parse': True, 'static_parser': True, 'profiles_dir': '/Users/Labi/.dbt', 'send_anonymous_usage_stats': True, 'event_buffer_size': 100000, 'quiet': False, 'no_print': False, 'cache_selected_only': False, 'config_dir': False, 'which': 'debug', 'indirect_selection': 'eager'}
[0m12:32:23.202869 [debug] [MainThread]: Tracking: tracking
[0m12:32:23.222199 [debug] [MainThread]: Sending event: {'category': 'dbt', 'action': 'invocation', 'label': 'start', 'context': [<snowplow_tracker.self_describing_json.SelfDescribingJson object at 0x110e84ac0>, <snowplow_tracker.self_describing_json.SelfDescribingJson object at 0x110e84940>, <snowplow_tracker.self_describing_json.SelfDescribingJson object at 0x110e84820>]}
[0m12:32:23.426306 [debug] [MainThread]: Executing "git --help"
[0m12:32:23.445008 [debug] [MainThread]: STDOUT: "b"usage: git [--version] [--help] [-C <path>] [-c <name>=<value>]\n           [--exec-path[=<path>]] [--html-path] [--man-path] [--info-path]\n           [-p | --paginate | -P | --no-pager] [--no-replace-objects] [--bare]\n           [--git-dir=<path>] [--work-tree=<path>] [--namespace=<name>]\n           <command> [<args>]\n\nThese are common Git commands used in various situations:\n\nstart a working area (see also: git help tutorial)\n   clone     Clone a repository into a new directory\n   init      Create an empty Git repository or reinitialize an existing one\n\nwork on the current change (see also: git help everyday)\n   add       Add file contents to the index\n   mv        Move or rename a file, a directory, or a symlink\n   restore   Restore working tree files\n   rm        Remove files from the working tree and from the index\n\nexamine the history and state (see also: git help revisions)\n   bisect    Use binary search to find the commit that introduced a bug\n   diff      Show changes between commits, commit and working tree, etc\n   grep      Print lines matching a pattern\n   log       Show commit logs\n   show      Show various types of objects\n   status    Show the working tree status\n\ngrow, mark and tweak your common history\n   branch    List, create, or delete branches\n   commit    Record changes to the repository\n   merge     Join two or more development histories together\n   rebase    Reapply commits on top of another base tip\n   reset     Reset current HEAD to the specified state\n   switch    Switch branches\n   tag       Create, list, delete or verify a tag object signed with GPG\n\ncollaborate (see also: git help workflows)\n   fetch     Download objects and refs from another repository\n   pull      Fetch from and integrate with another repository or a local branch\n   push      Update remote refs along with associated objects\n\n'git help -a' and 'git help -g' list available subcommands and some\nconcept guides. See 'git help <command>' or 'git help <concept>'\nto read about a specific subcommand or concept.\nSee 'git help git' for an overview of the system.\n""
[0m12:32:23.448118 [debug] [MainThread]: STDERR: "b''"
[0m12:32:23.449867 [debug] [MainThread]: Acquiring new redshift connection "debug"
[0m12:32:23.450599 [debug] [MainThread]: Using redshift connection "debug"
[0m12:32:23.451408 [debug] [MainThread]: On debug: select 1 as id
[0m12:32:23.451885 [debug] [MainThread]: Opening a new connection, currently in state init
[0m12:32:23.452147 [debug] [MainThread]: Redshift adapter: Connecting to Redshift using 'database' credentials
[0m12:32:33.457511 [debug] [MainThread]: Postgres adapter: Got a retryable error when attempting to open a redshift connection.
1 attempts remaining. Retrying in 0 seconds.
Error:
connection to server at "redshift-cluster-tran.ce0s9t5dr63g.us-east-1.redshift.amazonaws.com" (52.71.232.130), port 5439 failed: timeout expired

[0m12:32:43.468543 [debug] [MainThread]: Postgres adapter: Error running SQL: select 1 as id
[0m12:32:43.470007 [debug] [MainThread]: Postgres adapter: Rolling back transaction.
[0m12:32:43.470494 [debug] [MainThread]: On debug: No close available on handle
[0m12:32:43.471186 [debug] [MainThread]: Sending event: {'category': 'dbt', 'action': 'invocation', 'label': 'end', 'context': [<snowplow_tracker.self_describing_json.SelfDescribingJson object at 0x1117b75e0>, <snowplow_tracker.self_describing_json.SelfDescribingJson object at 0x1117b77c0>, <snowplow_tracker.self_describing_json.SelfDescribingJson object at 0x1117b78b0>]}
[0m12:32:43.471869 [debug] [MainThread]: Flushing usage events
[0m12:32:43.935955 [debug] [MainThread]: Connection 'debug' was properly closed.


============================== 2023-01-17 12:40:14.665823 | c513fdc6-b382-4546-990e-4e2b7347a68e ==============================
[0m12:40:14.665837 [info ] [MainThread]: Running with dbt=1.3.2
[0m12:40:14.666536 [debug] [MainThread]: running dbt with arguments {'write_json': True, 'use_colors': True, 'printer_width': 80, 'version_check': True, 'partial_parse': True, 'static_parser': True, 'profiles_dir': '/Users/Labi/.dbt', 'send_anonymous_usage_stats': True, 'event_buffer_size': 100000, 'quiet': False, 'no_print': False, 'cache_selected_only': False, 'config_dir': False, 'which': 'debug', 'indirect_selection': 'eager'}
[0m12:40:14.666803 [debug] [MainThread]: Tracking: tracking
[0m12:40:14.701146 [debug] [MainThread]: Sending event: {'category': 'dbt', 'action': 'invocation', 'label': 'start', 'context': [<snowplow_tracker.self_describing_json.SelfDescribingJson object at 0x10addeac0>, <snowplow_tracker.self_describing_json.SelfDescribingJson object at 0x10adde940>, <snowplow_tracker.self_describing_json.SelfDescribingJson object at 0x10adde820>]}
[0m12:40:14.988891 [debug] [MainThread]: Executing "git --help"
[0m12:40:15.024241 [debug] [MainThread]: STDOUT: "b"usage: git [--version] [--help] [-C <path>] [-c <name>=<value>]\n           [--exec-path[=<path>]] [--html-path] [--man-path] [--info-path]\n           [-p | --paginate | -P | --no-pager] [--no-replace-objects] [--bare]\n           [--git-dir=<path>] [--work-tree=<path>] [--namespace=<name>]\n           <command> [<args>]\n\nThese are common Git commands used in various situations:\n\nstart a working area (see also: git help tutorial)\n   clone     Clone a repository into a new directory\n   init      Create an empty Git repository or reinitialize an existing one\n\nwork on the current change (see also: git help everyday)\n   add       Add file contents to the index\n   mv        Move or rename a file, a directory, or a symlink\n   restore   Restore working tree files\n   rm        Remove files from the working tree and from the index\n\nexamine the history and state (see also: git help revisions)\n   bisect    Use binary search to find the commit that introduced a bug\n   diff      Show changes between commits, commit and working tree, etc\n   grep      Print lines matching a pattern\n   log       Show commit logs\n   show      Show various types of objects\n   status    Show the working tree status\n\ngrow, mark and tweak your common history\n   branch    List, create, or delete branches\n   commit    Record changes to the repository\n   merge     Join two or more development histories together\n   rebase    Reapply commits on top of another base tip\n   reset     Reset current HEAD to the specified state\n   switch    Switch branches\n   tag       Create, list, delete or verify a tag object signed with GPG\n\ncollaborate (see also: git help workflows)\n   fetch     Download objects and refs from another repository\n   pull      Fetch from and integrate with another repository or a local branch\n   push      Update remote refs along with associated objects\n\n'git help -a' and 'git help -g' list available subcommands and some\nconcept guides. See 'git help <command>' or 'git help <concept>'\nto read about a specific subcommand or concept.\nSee 'git help git' for an overview of the system.\n""
[0m12:40:15.025378 [debug] [MainThread]: STDERR: "b''"
[0m12:40:15.031094 [debug] [MainThread]: Acquiring new redshift connection "debug"
[0m12:40:15.031508 [debug] [MainThread]: Using redshift connection "debug"
[0m12:40:15.031780 [debug] [MainThread]: On debug: select 1 as id
[0m12:40:15.032021 [debug] [MainThread]: Opening a new connection, currently in state init
[0m12:40:15.032272 [debug] [MainThread]: Redshift adapter: Connecting to Redshift using 'database' credentials
[0m12:40:15.057056 [debug] [MainThread]: Postgres adapter: Got a retryable error when attempting to open a redshift connection.
1 attempts remaining. Retrying in 0 seconds.
Error:
could not translate host name "jdbc:redshift://redshift-cluster-tran.ce0s9t5dr63g.us-east-1.redshift.amazonaws.com" to address: nodename nor servname provided, or not known

[0m12:40:15.058768 [debug] [MainThread]: Postgres adapter: Error running SQL: select 1 as id
[0m12:40:15.059087 [debug] [MainThread]: Postgres adapter: Rolling back transaction.
[0m12:40:15.059536 [debug] [MainThread]: On debug: No close available on handle
[0m12:40:15.062438 [debug] [MainThread]: Sending event: {'category': 'dbt', 'action': 'invocation', 'label': 'end', 'context': [<snowplow_tracker.self_describing_json.SelfDescribingJson object at 0x10b6f45b0>, <snowplow_tracker.self_describing_json.SelfDescribingJson object at 0x10b6f47c0>, <snowplow_tracker.self_describing_json.SelfDescribingJson object at 0x10b6f48b0>]}
[0m12:40:15.063096 [debug] [MainThread]: Flushing usage events
[0m12:40:15.581252 [debug] [MainThread]: Connection 'debug' was properly closed.


============================== 2023-01-17 12:40:45.859019 | 8e7f9057-1fc6-471e-8946-a7d83ee89048 ==============================
[0m12:40:45.859034 [info ] [MainThread]: Running with dbt=1.3.2
[0m12:40:45.859735 [debug] [MainThread]: running dbt with arguments {'write_json': True, 'use_colors': True, 'printer_width': 80, 'version_check': True, 'partial_parse': True, 'static_parser': True, 'profiles_dir': '/Users/Labi/.dbt', 'send_anonymous_usage_stats': True, 'event_buffer_size': 100000, 'quiet': False, 'no_print': False, 'cache_selected_only': False, 'config_dir': False, 'which': 'debug', 'indirect_selection': 'eager'}
[0m12:40:45.860075 [debug] [MainThread]: Tracking: tracking
[0m12:40:45.887469 [debug] [MainThread]: Sending event: {'category': 'dbt', 'action': 'invocation', 'label': 'start', 'context': [<snowplow_tracker.self_describing_json.SelfDescribingJson object at 0x1054faa00>, <snowplow_tracker.self_describing_json.SelfDescribingJson object at 0x1054fa880>, <snowplow_tracker.self_describing_json.SelfDescribingJson object at 0x1054fa8b0>]}
[0m12:40:46.159192 [debug] [MainThread]: Executing "git --help"
[0m12:40:46.186230 [debug] [MainThread]: STDOUT: "b"usage: git [--version] [--help] [-C <path>] [-c <name>=<value>]\n           [--exec-path[=<path>]] [--html-path] [--man-path] [--info-path]\n           [-p | --paginate | -P | --no-pager] [--no-replace-objects] [--bare]\n           [--git-dir=<path>] [--work-tree=<path>] [--namespace=<name>]\n           <command> [<args>]\n\nThese are common Git commands used in various situations:\n\nstart a working area (see also: git help tutorial)\n   clone     Clone a repository into a new directory\n   init      Create an empty Git repository or reinitialize an existing one\n\nwork on the current change (see also: git help everyday)\n   add       Add file contents to the index\n   mv        Move or rename a file, a directory, or a symlink\n   restore   Restore working tree files\n   rm        Remove files from the working tree and from the index\n\nexamine the history and state (see also: git help revisions)\n   bisect    Use binary search to find the commit that introduced a bug\n   diff      Show changes between commits, commit and working tree, etc\n   grep      Print lines matching a pattern\n   log       Show commit logs\n   show      Show various types of objects\n   status    Show the working tree status\n\ngrow, mark and tweak your common history\n   branch    List, create, or delete branches\n   commit    Record changes to the repository\n   merge     Join two or more development histories together\n   rebase    Reapply commits on top of another base tip\n   reset     Reset current HEAD to the specified state\n   switch    Switch branches\n   tag       Create, list, delete or verify a tag object signed with GPG\n\ncollaborate (see also: git help workflows)\n   fetch     Download objects and refs from another repository\n   pull      Fetch from and integrate with another repository or a local branch\n   push      Update remote refs along with associated objects\n\n'git help -a' and 'git help -g' list available subcommands and some\nconcept guides. See 'git help <command>' or 'git help <concept>'\nto read about a specific subcommand or concept.\nSee 'git help git' for an overview of the system.\n""
[0m12:40:46.187062 [debug] [MainThread]: STDERR: "b''"
[0m12:40:46.188327 [debug] [MainThread]: Acquiring new redshift connection "debug"
[0m12:40:46.188756 [debug] [MainThread]: Using redshift connection "debug"
[0m12:40:46.189063 [debug] [MainThread]: On debug: select 1 as id
[0m12:40:46.189284 [debug] [MainThread]: Opening a new connection, currently in state init
[0m12:40:46.189502 [debug] [MainThread]: Redshift adapter: Connecting to Redshift using 'database' credentials
[0m12:40:56.246728 [debug] [MainThread]: Postgres adapter: Got a retryable error when attempting to open a redshift connection.
1 attempts remaining. Retrying in 0 seconds.
Error:
connection to server at "redshift-cluster-tran.ce0s9t5dr63g.us-east-1.redshift.amazonaws.com" (52.71.232.130), port 5439 failed: timeout expired

[0m12:41:06.250568 [debug] [MainThread]: Postgres adapter: Error running SQL: select 1 as id
[0m12:41:06.251048 [debug] [MainThread]: Postgres adapter: Rolling back transaction.
[0m12:41:06.251494 [debug] [MainThread]: On debug: No close available on handle
[0m12:41:06.252317 [debug] [MainThread]: Sending event: {'category': 'dbt', 'action': 'invocation', 'label': 'end', 'context': [<snowplow_tracker.self_describing_json.SelfDescribingJson object at 0x105e2e580>, <snowplow_tracker.self_describing_json.SelfDescribingJson object at 0x105e2e760>, <snowplow_tracker.self_describing_json.SelfDescribingJson object at 0x105e2e850>]}
[0m12:41:06.253249 [debug] [MainThread]: Flushing usage events
[0m12:41:06.732238 [debug] [MainThread]: Connection 'debug' was properly closed.


============================== 2023-01-17 12:51:13.243750 | 84cbe897-6a8b-4ae6-a37d-cdca5d51ba5e ==============================
[0m12:51:13.243766 [info ] [MainThread]: Running with dbt=1.3.2
[0m12:51:13.244548 [debug] [MainThread]: running dbt with arguments {'write_json': True, 'use_colors': True, 'printer_width': 80, 'version_check': True, 'partial_parse': True, 'static_parser': True, 'profiles_dir': '/Users/Labi/.dbt', 'send_anonymous_usage_stats': True, 'event_buffer_size': 100000, 'quiet': False, 'no_print': False, 'cache_selected_only': False, 'config_dir': False, 'which': 'debug', 'indirect_selection': 'eager'}
[0m12:51:13.244851 [debug] [MainThread]: Tracking: tracking
[0m12:51:13.272722 [debug] [MainThread]: Sending event: {'category': 'dbt', 'action': 'invocation', 'label': 'start', 'context': [<snowplow_tracker.self_describing_json.SelfDescribingJson object at 0x10f4579d0>, <snowplow_tracker.self_describing_json.SelfDescribingJson object at 0x10f457850>, <snowplow_tracker.self_describing_json.SelfDescribingJson object at 0x10f457880>]}
[0m12:51:13.562672 [debug] [MainThread]: Executing "git --help"
[0m12:51:13.608158 [debug] [MainThread]: STDOUT: "b"usage: git [--version] [--help] [-C <path>] [-c <name>=<value>]\n           [--exec-path[=<path>]] [--html-path] [--man-path] [--info-path]\n           [-p | --paginate | -P | --no-pager] [--no-replace-objects] [--bare]\n           [--git-dir=<path>] [--work-tree=<path>] [--namespace=<name>]\n           <command> [<args>]\n\nThese are common Git commands used in various situations:\n\nstart a working area (see also: git help tutorial)\n   clone     Clone a repository into a new directory\n   init      Create an empty Git repository or reinitialize an existing one\n\nwork on the current change (see also: git help everyday)\n   add       Add file contents to the index\n   mv        Move or rename a file, a directory, or a symlink\n   restore   Restore working tree files\n   rm        Remove files from the working tree and from the index\n\nexamine the history and state (see also: git help revisions)\n   bisect    Use binary search to find the commit that introduced a bug\n   diff      Show changes between commits, commit and working tree, etc\n   grep      Print lines matching a pattern\n   log       Show commit logs\n   show      Show various types of objects\n   status    Show the working tree status\n\ngrow, mark and tweak your common history\n   branch    List, create, or delete branches\n   commit    Record changes to the repository\n   merge     Join two or more development histories together\n   rebase    Reapply commits on top of another base tip\n   reset     Reset current HEAD to the specified state\n   switch    Switch branches\n   tag       Create, list, delete or verify a tag object signed with GPG\n\ncollaborate (see also: git help workflows)\n   fetch     Download objects and refs from another repository\n   pull      Fetch from and integrate with another repository or a local branch\n   push      Update remote refs along with associated objects\n\n'git help -a' and 'git help -g' list available subcommands and some\nconcept guides. See 'git help <command>' or 'git help <concept>'\nto read about a specific subcommand or concept.\nSee 'git help git' for an overview of the system.\n""
[0m12:51:13.609164 [debug] [MainThread]: STDERR: "b''"
[0m12:51:13.610630 [debug] [MainThread]: Acquiring new redshift connection "debug"
[0m12:51:13.611099 [debug] [MainThread]: Using redshift connection "debug"
[0m12:51:13.611419 [debug] [MainThread]: On debug: select 1 as id
[0m12:51:13.611640 [debug] [MainThread]: Opening a new connection, currently in state init
[0m12:51:13.611888 [debug] [MainThread]: Redshift adapter: Connecting to Redshift using 'database' credentials
[0m12:51:33.647270 [debug] [MainThread]: Postgres adapter: Got a retryable error when attempting to open a redshift connection.
1 attempts remaining. Retrying in 0 seconds.
Error:
connection to server at "redshift-cluster-tran.ce0s9t5dr63g.us-east-1.redshift.amazonaws.com" (52.71.232.130), port 5439 failed: timeout expired

[0m12:51:53.655429 [debug] [MainThread]: Postgres adapter: Error running SQL: select 1 as id
[0m12:51:53.656828 [debug] [MainThread]: Postgres adapter: Rolling back transaction.
[0m12:51:53.657370 [debug] [MainThread]: On debug: No close available on handle
[0m12:51:53.658270 [debug] [MainThread]: Sending event: {'category': 'dbt', 'action': 'invocation', 'label': 'end', 'context': [<snowplow_tracker.self_describing_json.SelfDescribingJson object at 0x10fd8b610>, <snowplow_tracker.self_describing_json.SelfDescribingJson object at 0x10fd8b7f0>, <snowplow_tracker.self_describing_json.SelfDescribingJson object at 0x10fd8b8e0>]}
[0m12:51:53.658892 [debug] [MainThread]: Flushing usage events
[0m12:51:54.166948 [debug] [MainThread]: Connection 'debug' was properly closed.
